Using pre-set license
Built from '2020.3/release' branch; Version is '2020.3.12f1 (b3b2c6512326) revision 11776710'; Using compiler version '192528614'; Build Type 'Release'
OS: 'Windows 10 Pro; OS build 19044.1766; Version 2009; 64bit' Language: 'en' Physical Memory: 7985 MB
BatchMode: 1, IsHumanControllingUs: 0, StartBugReporterOnCrash: 0, Is64bit: 1, IsPro: 0

 COMMAND LINE ARGUMENTS:
C:\Program Files\Unity\Hub\Editor\2020.3.12f1\Editor\Unity.exe
-adb2
-batchMode
-noUpm
-name
AssetImportWorker0
-projectPath
C:/access/project/ninja party
-logFile
Logs/AssetImportWorker0.log
-srvPort
14468
Successfully changed project path to: C:/access/project/ninja party
C:/access/project/ninja party
Using Asset Import Pipeline V2.
Refreshing native plugins compatible for Editor in 41.41 ms, found 3 plugins.
Preloading 0 native plugins for Editor in 0.00 ms.
Initialize engine version: 2020.3.12f1 (b3b2c6512326)
[Subsystems] Discovering subsystems at path C:/Program Files/Unity/Hub/Editor/2020.3.12f1/Editor/Data/Resources/UnitySubsystems
[Subsystems] Discovering subsystems at path C:/access/project/ninja party/Assets
GfxDevice: creating device client; threaded=0
Direct3D:
    Version:  Direct3D 11.0 [level 11.1]
    Renderer: NVIDIA GeForce GTX 1650 Ti (ID=0x1f95)
    Vendor:   
    VRAM:     3962 MB
    Driver:   30.0.15.1169
Initialize mono
Mono path[0] = 'C:/Program Files/Unity/Hub/Editor/2020.3.12f1/Editor/Data/Managed'
Mono path[1] = 'C:/Program Files/Unity/Hub/Editor/2020.3.12f1/Editor/Data/MonoBleedingEdge/lib/mono/unityjit'
Mono config path = 'C:/Program Files/Unity/Hub/Editor/2020.3.12f1/Editor/Data/MonoBleedingEdge/etc'
Using monoOptions --debugger-agent=transport=dt_socket,embedding=1,server=y,suspend=n,address=127.0.0.1:56828
Begin MonoManager ReloadAssembly
Registering precompiled unity dll's ...
Register platform support module: C:/Program Files/Unity/Hub/Editor/2020.3.12f1/Editor/Data/PlaybackEngines/WindowsStandaloneSupport/UnityEditor.WindowsStandalone.Extensions.dll
Registered in 0.001927 seconds.
Native extension for WindowsStandalone target not found
Refreshing native plugins compatible for Editor in 42.10 ms, found 3 plugins.
Preloading 0 native plugins for Editor in 0.00 ms.
Mono: successfully reloaded assembly
- Completed reload, in  1.036 seconds
Platform modules already initialized, skipping
Registering precompiled user dll's ...
Registered in 0.004241 seconds.
Begin MonoManager ReloadAssembly
Native extension for WindowsStandalone target not found
Refreshing native plugins compatible for Editor in 51.59 ms, found 3 plugins.
Preloading 0 native plugins for Editor in 0.00 ms.
Mono: successfully reloaded assembly
- Completed reload, in  1.136 seconds
Platform modules already initialized, skipping
========================================================================
Worker process is ready to serve import requests
Launched and connected shader compiler UnityShaderCompiler.exe after 0.11 seconds
Refreshing native plugins compatible for Editor in 0.41 ms, found 3 plugins.
Preloading 0 native plugins for Editor in 0.00 ms.
Unloading 2092 Unused Serialized files (Serialized files now loaded: 0)
System memory in use before: 93.3 MB.
System memory in use after: 93.3 MB.

Unloading 33 unused Assets to reduce memory usage. Loaded Objects now: 2527.
Total: 2.769500 ms (FindLiveObjects: 0.390700 ms CreateObjectMapping: 0.210100 ms MarkObjects: 2.027100 ms  DeleteObjects: 0.140200 ms)

AssetImportParameters requested are different than current active one (requested -> active):
  custom:framework-win-MediaFoundation: 216162199b28c13a410421893ffa2e32 -> 
  custom:video-decoder-ogg-theora: a1e56fd34408186e4bbccfd4996cb3dc -> 
  custom:container-muxer-webm: aa71ff27fc2769a1b78a27578f13a17b -> 
  custom:container-demuxer-webm: 4f35f7cbe854078d1ac9338744f61a02 -> 
  custom:container-demuxer-ogg: 62fdf1f143b41e24485cea50d1cbac27 -> 
  custom:video-encoder-webm-vp8: eb34c28f22e8b96e1ab97ce403110664 -> 
  custom:video-decoder-webm-vp8: 9c59270c3fd7afecdb556c50c9e8de78 -> 
  custom:audio-decoder-ogg-vorbis: bf7c407c2cedff20999df2af8eb42d56 -> 
  custom:audio-encoder-webm-vorbis: bf7c407c2cedff20999df2af8eb42d56 -> 
========================================================================
Received Import Request.
  path: Assets/animation/spritesheets/effects
  artifactKey: Guid(dc8b48caaf76d964eb04e3deb13246fb) Importer(815301076,1909f56bfc062723c751e8b465ee728b)
Start importing Assets/animation/spritesheets/effects using Guid(dc8b48caaf76d964eb04e3deb13246fb) Importer(815301076,1909f56bfc062723c751e8b465ee728b)  -> (artifact id: 'b5fb256a6940491d0b7528739c8cd670') in 0.013102 seconds 
  Import took 0.017130 seconds .

========================================================================
Received Import Request.
  Time since last request: 9.331779 seconds.
  path: Assets/animation/spritesheets/effects/1363_Res_CLASS_IMAGE_POOF.png
  artifactKey: Guid(4aad771409b7f6c498c58712399603c0) Importer(815301076,1909f56bfc062723c751e8b465ee728b)
Start importing Assets/animation/spritesheets/effects/1363_Res_CLASS_IMAGE_POOF.png using Guid(4aad771409b7f6c498c58712399603c0) Importer(815301076,1909f56bfc062723c751e8b465ee728b)  -> (artifact id: 'bf8108d4dc847021cbb572a42c0a05ff') in 0.125265 seconds 
  Import took 0.129283 seconds .

========================================================================
Received Import Request.
  Time since last request: 8.325555 seconds.
  path: Assets/animation/spritesheets/effects/1961_Res_CLASS_IMAGE_ATTACK_FX_1.png
  artifactKey: Guid(6cbc06e5775bca441aead84827cd0578) Importer(815301076,1909f56bfc062723c751e8b465ee728b)
Start importing Assets/animation/spritesheets/effects/1961_Res_CLASS_IMAGE_ATTACK_FX_1.png using Guid(6cbc06e5775bca441aead84827cd0578) Importer(815301076,1909f56bfc062723c751e8b465ee728b)  -> (artifact id: '61ceb9c29a1265dd49b7d74346b19dbf') in 0.016507 seconds 
  Import took 0.021173 seconds .

========================================================================
Received Import Request.
  Time since last request: 5.171884 seconds.
  path: Assets/animation/spritesheets/effects/1962_Res_CLASS_IMAGE_ATTACK_FX_0.png
  artifactKey: Guid(066a317418e236d47bee62641f6511f0) Importer(815301076,1909f56bfc062723c751e8b465ee728b)
Start importing Assets/animation/spritesheets/effects/1962_Res_CLASS_IMAGE_ATTACK_FX_0.png using Guid(066a317418e236d47bee62641f6511f0) Importer(815301076,1909f56bfc062723c751e8b465ee728b)  -> (artifact id: 'd813d773907c871be3e563a169001368') in 0.016643 seconds 
  Import took 0.020479 seconds .

========================================================================
Received Import Request.
  Time since last request: 5.425382 seconds.
  path: Assets/animation/spritesheets/effects/1419_Res_CLASS_IMAGE_BLOODSTAINS.png
  artifactKey: Guid(3be35a7f0691f684a96f1925cb15636c) Importer(815301076,1909f56bfc062723c751e8b465ee728b)
Start importing Assets/animation/spritesheets/effects/1419_Res_CLASS_IMAGE_BLOODSTAINS.png using Guid(3be35a7f0691f684a96f1925cb15636c) Importer(815301076,1909f56bfc062723c751e8b465ee728b)  -> (artifact id: '0657af45524eafe82db0cfa55179ea0c') in 0.012970 seconds 
  Import took 0.017653 seconds .

========================================================================
Received Import Request.
  Time since last request: 90.734593 seconds.
  path: Assets/animation/spritesheets/effects/1961_Res_CLASS_IMAGE_ATTACK_FX_1.png
  artifactKey: Guid(6cbc06e5775bca441aead84827cd0578) Importer(815301076,1909f56bfc062723c751e8b465ee728b)
Start importing Assets/animation/spritesheets/effects/1961_Res_CLASS_IMAGE_ATTACK_FX_1.png using Guid(6cbc06e5775bca441aead84827cd0578) Importer(815301076,1909f56bfc062723c751e8b465ee728b)  -> (artifact id: '6420fbf62de72590ddc58c80710c9091') in 0.011821 seconds 
  Import took 0.016173 seconds .

========================================================================
Received Import Request.
  Time since last request: 0.046084 seconds.
  path: Assets/animation/spritesheets/effects/1961_Res_CLASS_IMAGE_ATTACK_FX_1.png
  artifactKey: Guid(6cbc06e5775bca441aead84827cd0578) Importer(815301076,1909f56bfc062723c751e8b465ee728b)
Start importing Assets/animation/spritesheets/effects/1961_Res_CLASS_IMAGE_ATTACK_FX_1.png using Guid(6cbc06e5775bca441aead84827cd0578) Importer(815301076,1909f56bfc062723c751e8b465ee728b)  -> (artifact id: '6420fbf62de72590ddc58c80710c9091') in 0.012137 seconds 
  Import took 0.016418 seconds .

========================================================================
Received Import Request.
  Time since last request: 11.035917 seconds.
  path: Assets/animation/spritesheets/effects/1961_Res_CLASS_IMAGE_ATTACK_FX_1.png
  artifactKey: Guid(6cbc06e5775bca441aead84827cd0578) Importer(815301076,1909f56bfc062723c751e8b465ee728b)
Start importing Assets/animation/spritesheets/effects/1961_Res_CLASS_IMAGE_ATTACK_FX_1.png using Guid(6cbc06e5775bca441aead84827cd0578) Importer(815301076,1909f56bfc062723c751e8b465ee728b)  -> (artifact id: '3933a03f39e01c0d441f0a3f1eca64d3') in 0.022488 seconds 
  Import took 0.026460 seconds .

========================================================================
Received Import Request.
  Time since last request: 0.053664 seconds.
  path: Assets/animation/spritesheets/effects/1961_Res_CLASS_IMAGE_ATTACK_FX_1.png
  artifactKey: Guid(6cbc06e5775bca441aead84827cd0578) Importer(815301076,1909f56bfc062723c751e8b465ee728b)
Start importing Assets/animation/spritesheets/effects/1961_Res_CLASS_IMAGE_ATTACK_FX_1.png using Guid(6cbc06e5775bca441aead84827cd0578) Importer(815301076,1909f56bfc062723c751e8b465ee728b)  -> (artifact id: '3933a03f39e01c0d441f0a3f1eca64d3') in 0.027290 seconds 
  Import took 0.030919 seconds .

========================================================================
Received Import Request.
  Time since last request: 30.397391 seconds.
  path: Assets/animation/spritesheets/effects/1962_Res_CLASS_IMAGE_ATTACK_FX_0.png
  artifactKey: Guid(066a317418e236d47bee62641f6511f0) Importer(815301076,1909f56bfc062723c751e8b465ee728b)
Start importing Assets/animation/spritesheets/effects/1962_Res_CLASS_IMAGE_ATTACK_FX_0.png using Guid(066a317418e236d47bee62641f6511f0) Importer(815301076,1909f56bfc062723c751e8b465ee728b)  -> (artifact id: '774fd19d5e3d949c5744f0c10146a065') in 0.010749 seconds 
  Import took 0.015535 seconds .

========================================================================
Received Import Request.
  Time since last request: 0.010641 seconds.
  path: Assets/animation/spritesheets/effects/1962_Res_CLASS_IMAGE_ATTACK_FX_0.png
  artifactKey: Guid(066a317418e236d47bee62641f6511f0) Importer(815301076,1909f56bfc062723c751e8b465ee728b)
Start importing Assets/animation/spritesheets/effects/1962_Res_CLASS_IMAGE_ATTACK_FX_0.png using Guid(066a317418e236d47bee62641f6511f0) Importer(815301076,1909f56bfc062723c751e8b465ee728b)  -> (artifact id: '774fd19d5e3d949c5744f0c10146a065') in 0.011390 seconds 
  Import took 0.015584 seconds .

========================================================================
Received Import Request.
  Time since last request: 7.272918 seconds.
  path: Assets/animation/spritesheets/effects/1962_Res_CLASS_IMAGE_ATTACK_FX_0.png
  artifactKey: Guid(066a317418e236d47bee62641f6511f0) Importer(815301076,1909f56bfc062723c751e8b465ee728b)
Start importing Assets/animation/spritesheets/effects/1962_Res_CLASS_IMAGE_ATTACK_FX_0.png using Guid(066a317418e236d47bee62641f6511f0) Importer(815301076,1909f56bfc062723c751e8b465ee728b)  -> (artifact id: '905c85118b63b691d78201acce01957c') in 0.029009 seconds 
  Import took 0.032914 seconds .

========================================================================
Received Import Request.
  Time since last request: 47.741292 seconds.
  path: Assets/prefabs
  artifactKey: Guid(aedab03bd7e8633439763505f5842675) Importer(815301076,1909f56bfc062723c751e8b465ee728b)
Start importing Assets/prefabs using Guid(aedab03bd7e8633439763505f5842675) Importer(815301076,1909f56bfc062723c751e8b465ee728b)  -> (artifact id: 'f82f1da10baf5632fd3da63bf95c45e1') in 0.006583 seconds 
  Import took 0.012489 seconds .

========================================================================
Received Import Request.
  Time since last request: 28.850381 seconds.
  path: Assets/prefabs/hitEffect.prefab
  artifactKey: Guid(4737dd1a09c4e07488306e5079c9f844) Importer(815301076,1909f56bfc062723c751e8b465ee728b)
Start importing Assets/prefabs/hitEffect.prefab using Guid(4737dd1a09c4e07488306e5079c9f844) Importer(815301076,1909f56bfc062723c751e8b465ee728b)  -> (artifact id: '308d24c093f9b1f03e318b141b75ce7a') in 0.016620 seconds 
  Import took 0.020564 seconds .

========================================================================
Received Import Request.
  Time since last request: 0.018081 seconds.
  path: Assets/prefabs/hitEffect.prefab
  artifactKey: Guid(4737dd1a09c4e07488306e5079c9f844) Importer(815301076,1909f56bfc062723c751e8b465ee728b)
Start importing Assets/prefabs/hitEffect.prefab using Guid(4737dd1a09c4e07488306e5079c9f844) Importer(815301076,1909f56bfc062723c751e8b465ee728b)  -> (artifact id: '308d24c093f9b1f03e318b141b75ce7a') in 0.003535 seconds 
  Import took 0.008157 seconds .

========================================================================
Received Import Request.
  Time since last request: 38.816404 seconds.
  path: Assets/animation/spritesheets/effects/hiteffect1.anim
  artifactKey: Guid(a62f4dee07f6c484f98dd544b4a94afa) Importer(815301076,1909f56bfc062723c751e8b465ee728b)
Start importing Assets/animation/spritesheets/effects/hiteffect1.anim using Guid(a62f4dee07f6c484f98dd544b4a94afa) Importer(815301076,1909f56bfc062723c751e8b465ee728b)  -> (artifact id: '1a4b5f4c6873e338680869b1e01c3e3a') in 0.008580 seconds 
  Import took 0.012094 seconds .

========================================================================
Received Import Request.
  Time since last request: 0.006439 seconds.
  path: Assets/animation/spritesheets/effects/hiteffect1.anim
  artifactKey: Guid(a62f4dee07f6c484f98dd544b4a94afa) Importer(815301076,1909f56bfc062723c751e8b465ee728b)
Start importing Assets/animation/spritesheets/effects/hiteffect1.anim using Guid(a62f4dee07f6c484f98dd544b4a94afa) Importer(815301076,1909f56bfc062723c751e8b465ee728b)  -> (artifact id: '1a4b5f4c6873e338680869b1e01c3e3a') in 0.003446 seconds 
  Import took 0.007009 seconds .

========================================================================
Received Prepare
Registering precompiled user dll's ...
Registered in 0.003227 seconds.
Begin MonoManager ReloadAssembly
Native extension for WindowsStandalone target not found
Refreshing native plugins compatible for Editor in 0.46 ms, found 3 plugins.
Preloading 0 native plugins for Editor in 0.00 ms.
Mono: successfully reloaded assembly
- Completed reload, in  0.965 seconds
Platform modules already initialized, skipping
Refreshing native plugins compatible for Editor in 0.53 ms, found 3 plugins.
Preloading 0 native plugins for Editor in 0.00 ms.
Unloading 2087 Unused Serialized files (Serialized files now loaded: 0)
System memory in use before: 96.2 MB.
System memory in use after: 96.2 MB.

Unloading 21 unused Assets to reduce memory usage. Loaded Objects now: 2547.
Total: 2.399100 ms (FindLiveObjects: 0.220400 ms CreateObjectMapping: 0.091800 ms MarkObjects: 1.994200 ms  DeleteObjects: 0.091300 ms)

AssetImportParameters requested are different than current active one (requested -> active):
  custom:framework-win-MediaFoundation: 216162199b28c13a410421893ffa2e32 -> 
  custom:video-decoder-ogg-theora: a1e56fd34408186e4bbccfd4996cb3dc -> 
  custom:container-muxer-webm: aa71ff27fc2769a1b78a27578f13a17b -> 
  custom:container-demuxer-webm: 4f35f7cbe854078d1ac9338744f61a02 -> 
  custom:container-demuxer-ogg: 62fdf1f143b41e24485cea50d1cbac27 -> 
  custom:video-encoder-webm-vp8: eb34c28f22e8b96e1ab97ce403110664 -> 
  custom:video-decoder-webm-vp8: 9c59270c3fd7afecdb556c50c9e8de78 -> 
  custom:audio-decoder-ogg-vorbis: bf7c407c2cedff20999df2af8eb42d56 -> 
  custom:audio-encoder-webm-vorbis: bf7c407c2cedff20999df2af8eb42d56 -> 
========================================================================
Received Import Request.
  Time since last request: 55.568830 seconds.
  path: Assets/prefabs/hitEffect.prefab
  artifactKey: Guid(4737dd1a09c4e07488306e5079c9f844) Importer(815301076,1909f56bfc062723c751e8b465ee728b)
Start importing Assets/prefabs/hitEffect.prefab using Guid(4737dd1a09c4e07488306e5079c9f844) Importer(815301076,1909f56bfc062723c751e8b465ee728b)  -> (artifact id: '9604ddd865e9ae124e03d282af95f523') in 0.021475 seconds 
  Import took 0.024275 seconds .

========================================================================
Received Import Request.
  Time since last request: 1.214180 seconds.
  path: Assets/prefabs/hitEffect.prefab
  artifactKey: Guid(4737dd1a09c4e07488306e5079c9f844) Importer(815301076,1909f56bfc062723c751e8b465ee728b)
Start importing Assets/prefabs/hitEffect.prefab using Guid(4737dd1a09c4e07488306e5079c9f844) Importer(815301076,1909f56bfc062723c751e8b465ee728b)  -> (artifact id: '7d856d34c2b2ea857cf09ebae570b807') in 0.004423 seconds 
  Import took 0.007914 seconds .

========================================================================
Received Import Request.
  Time since last request: 0.019213 seconds.
  path: Assets/prefabs/hitEffect.prefab
  artifactKey: Guid(4737dd1a09c4e07488306e5079c9f844) Importer(815301076,1909f56bfc062723c751e8b465ee728b)
Start importing Assets/prefabs/hitEffect.prefab using Guid(4737dd1a09c4e07488306e5079c9f844) Importer(815301076,1909f56bfc062723c751e8b465ee728b)  -> (artifact id: '7d856d34c2b2ea857cf09ebae570b807') in 0.003902 seconds 
  Import took 0.008438 seconds .

========================================================================
Received Import Request.
  Time since last request: 1.175361 seconds.
  path: Assets/prefabs/hitEffect.prefab
  artifactKey: Guid(4737dd1a09c4e07488306e5079c9f844) Importer(815301076,1909f56bfc062723c751e8b465ee728b)
Start importing Assets/prefabs/hitEffect.prefab using Guid(4737dd1a09c4e07488306e5079c9f844) Importer(815301076,1909f56bfc062723c751e8b465ee728b)  -> (artifact id: '629abb2a70ea1400d20b4e794f43892f') in 0.003737 seconds 
  Import took 0.007647 seconds .

========================================================================
Received Import Request.
  Time since last request: 0.018923 seconds.
  path: Assets/prefabs/hitEffect.prefab
  artifactKey: Guid(4737dd1a09c4e07488306e5079c9f844) Importer(815301076,1909f56bfc062723c751e8b465ee728b)
Start importing Assets/prefabs/hitEffect.prefab using Guid(4737dd1a09c4e07488306e5079c9f844) Importer(815301076,1909f56bfc062723c751e8b465ee728b)  -> (artifact id: '629abb2a70ea1400d20b4e794f43892f') in 0.003409 seconds 
  Import took 0.007890 seconds .

========================================================================
Received Prepare
Registering precompiled user dll's ...
Registered in 0.005162 seconds.
Begin MonoManager ReloadAssembly
Native extension for WindowsStandalone target not found
Refreshing native plugins compatible for Editor in 0.48 ms, found 3 plugins.
Preloading 0 native plugins for Editor in 0.00 ms.
Mono: successfully reloaded assembly
- Completed reload, in  0.943 seconds
Platform modules already initialized, skipping
Refreshing native plugins compatible for Editor in 0.44 ms, found 3 plugins.
Preloading 0 native plugins for Editor in 0.00 ms.
Unloading 2087 Unused Serialized files (Serialized files now loaded: 0)
System memory in use before: 96.3 MB.
System memory in use after: 96.3 MB.

Unloading 21 unused Assets to reduce memory usage. Loaded Objects now: 2551.
Total: 3.000900 ms (FindLiveObjects: 0.198200 ms CreateObjectMapping: 0.081100 ms MarkObjects: 2.583600 ms  DeleteObjects: 0.136900 ms)

AssetImportParameters requested are different than current active one (requested -> active):
  custom:framework-win-MediaFoundation: 216162199b28c13a410421893ffa2e32 -> 
  custom:video-decoder-ogg-theora: a1e56fd34408186e4bbccfd4996cb3dc -> 
  custom:container-muxer-webm: aa71ff27fc2769a1b78a27578f13a17b -> 
  custom:container-demuxer-webm: 4f35f7cbe854078d1ac9338744f61a02 -> 
  custom:container-demuxer-ogg: 62fdf1f143b41e24485cea50d1cbac27 -> 
  custom:video-encoder-webm-vp8: eb34c28f22e8b96e1ab97ce403110664 -> 
  custom:video-decoder-webm-vp8: 9c59270c3fd7afecdb556c50c9e8de78 -> 
  custom:audio-decoder-ogg-vorbis: bf7c407c2cedff20999df2af8eb42d56 -> 
  custom:audio-encoder-webm-vorbis: bf7c407c2cedff20999df2af8eb42d56 -> 
========================================================================
Received Prepare
Registering precompiled user dll's ...
Registered in 0.003555 seconds.
Begin MonoManager ReloadAssembly
Native extension for WindowsStandalone target not found
Refreshing native plugins compatible for Editor in 0.59 ms, found 3 plugins.
Preloading 0 native plugins for Editor in 0.00 ms.
Mono: successfully reloaded assembly
- Completed reload, in  0.990 seconds
Platform modules already initialized, skipping
Refreshing native plugins compatible for Editor in 0.71 ms, found 3 plugins.
Preloading 0 native plugins for Editor in 0.00 ms.
Unloading 2087 Unused Serialized files (Serialized files now loaded: 0)
System memory in use before: 96.3 MB.
System memory in use after: 96.3 MB.

Unloading 21 unused Assets to reduce memory usage. Loaded Objects now: 2555.
Total: 1.966500 ms (FindLiveObjects: 0.202700 ms CreateObjectMapping: 0.090000 ms MarkObjects: 1.582600 ms  DeleteObjects: 0.090200 ms)

AssetImportParameters requested are different than current active one (requested -> active):
  custom:framework-win-MediaFoundation: 216162199b28c13a410421893ffa2e32 -> 
  custom:video-decoder-ogg-theora: a1e56fd34408186e4bbccfd4996cb3dc -> 
  custom:container-muxer-webm: aa71ff27fc2769a1b78a27578f13a17b -> 
  custom:container-demuxer-webm: 4f35f7cbe854078d1ac9338744f61a02 -> 
  custom:container-demuxer-ogg: 62fdf1f143b41e24485cea50d1cbac27 -> 
  custom:video-encoder-webm-vp8: eb34c28f22e8b96e1ab97ce403110664 -> 
  custom:video-decoder-webm-vp8: 9c59270c3fd7afecdb556c50c9e8de78 -> 
  custom:audio-decoder-ogg-vorbis: bf7c407c2cedff20999df2af8eb42d56 -> 
  custom:audio-encoder-webm-vorbis: bf7c407c2cedff20999df2af8eb42d56 -> 
========================================================================
Received Prepare
Registering precompiled user dll's ...
Registered in 0.003671 seconds.
Begin MonoManager ReloadAssembly
Native extension for WindowsStandalone target not found
Refreshing native plugins compatible for Editor in 0.44 ms, found 3 plugins.
Preloading 0 native plugins for Editor in 0.00 ms.
Mono: successfully reloaded assembly
- Completed reload, in  0.939 seconds
Platform modules already initialized, skipping
Refreshing native plugins compatible for Editor in 0.51 ms, found 3 plugins.
Preloading 0 native plugins for Editor in 0.00 ms.
Unloading 2087 Unused Serialized files (Serialized files now loaded: 0)
System memory in use before: 96.4 MB.
System memory in use after: 96.3 MB.

Unloading 21 unused Assets to reduce memory usage. Loaded Objects now: 2559.
Total: 2.146900 ms (FindLiveObjects: 0.193400 ms CreateObjectMapping: 0.082500 ms MarkObjects: 1.774000 ms  DeleteObjects: 0.096100 ms)

AssetImportParameters requested are different than current active one (requested -> active):
  custom:framework-win-MediaFoundation: 216162199b28c13a410421893ffa2e32 -> 
  custom:video-decoder-ogg-theora: a1e56fd34408186e4bbccfd4996cb3dc -> 
  custom:container-muxer-webm: aa71ff27fc2769a1b78a27578f13a17b -> 
  custom:container-demuxer-webm: 4f35f7cbe854078d1ac9338744f61a02 -> 
  custom:container-demuxer-ogg: 62fdf1f143b41e24485cea50d1cbac27 -> 
  custom:video-encoder-webm-vp8: eb34c28f22e8b96e1ab97ce403110664 -> 
  custom:video-decoder-webm-vp8: 9c59270c3fd7afecdb556c50c9e8de78 -> 
  custom:audio-decoder-ogg-vorbis: bf7c407c2cedff20999df2af8eb42d56 -> 
  custom:audio-encoder-webm-vorbis: bf7c407c2cedff20999df2af8eb42d56 -> 
========================================================================
Received Import Request.
  Time since last request: 192.143879 seconds.
  path: Assets/prefabs/hitEffect.prefab
  artifactKey: Guid(4737dd1a09c4e07488306e5079c9f844) Importer(815301076,1909f56bfc062723c751e8b465ee728b)
Start importing Assets/prefabs/hitEffect.prefab using Guid(4737dd1a09c4e07488306e5079c9f844) Importer(815301076,1909f56bfc062723c751e8b465ee728b)  -> (artifact id: '095aed78dbe007c1da67f6ee07d1f99e') in 0.021813 seconds 
  Import took 0.025306 seconds .

========================================================================
Received Prepare
Registering precompiled user dll's ...
Registered in 0.004340 seconds.
Begin MonoManager ReloadAssembly
Native extension for WindowsStandalone target not found
Refreshing native plugins compatible for Editor in 0.45 ms, found 3 plugins.
Preloading 0 native plugins for Editor in 0.00 ms.
Mono: successfully reloaded assembly
- Completed reload, in  0.952 seconds
Platform modules already initialized, skipping
Refreshing native plugins compatible for Editor in 0.43 ms, found 3 plugins.
Preloading 0 native plugins for Editor in 0.00 ms.
Unloading 2087 Unused Serialized files (Serialized files now loaded: 0)
System memory in use before: 96.4 MB.
System memory in use after: 96.4 MB.

Unloading 21 unused Assets to reduce memory usage. Loaded Objects now: 2563.
Total: 2.367600 ms (FindLiveObjects: 0.258700 ms CreateObjectMapping: 0.086300 ms MarkObjects: 1.920800 ms  DeleteObjects: 0.100500 ms)

AssetImportParameters requested are different than current active one (requested -> active):
  custom:framework-win-MediaFoundation: 216162199b28c13a410421893ffa2e32 -> 
  custom:video-decoder-ogg-theora: a1e56fd34408186e4bbccfd4996cb3dc -> 
  custom:container-muxer-webm: aa71ff27fc2769a1b78a27578f13a17b -> 
  custom:container-demuxer-webm: 4f35f7cbe854078d1ac9338744f61a02 -> 
  custom:container-demuxer-ogg: 62fdf1f143b41e24485cea50d1cbac27 -> 
  custom:video-encoder-webm-vp8: eb34c28f22e8b96e1ab97ce403110664 -> 
  custom:video-decoder-webm-vp8: 9c59270c3fd7afecdb556c50c9e8de78 -> 
  custom:audio-decoder-ogg-vorbis: bf7c407c2cedff20999df2af8eb42d56 -> 
  custom:audio-encoder-webm-vorbis: bf7c407c2cedff20999df2af8eb42d56 -> 
========================================================================
Received Import Request.
  Time since last request: 18.158464 seconds.
  path: Assets/prefabs/hitEffect.prefab
  artifactKey: Guid(4737dd1a09c4e07488306e5079c9f844) Importer(815301076,1909f56bfc062723c751e8b465ee728b)
Start importing Assets/prefabs/hitEffect.prefab using Guid(4737dd1a09c4e07488306e5079c9f844) Importer(815301076,1909f56bfc062723c751e8b465ee728b)  -> (artifact id: 'eb371b477f336481f094d3c144118297') in 0.024884 seconds 
  Import took 0.030922 seconds .

========================================================================
Received Import Request.
  Time since last request: 0.850965 seconds.
  path: Assets/prefabs/hitEffect.prefab
  artifactKey: Guid(4737dd1a09c4e07488306e5079c9f844) Importer(815301076,1909f56bfc062723c751e8b465ee728b)
Start importing Assets/prefabs/hitEffect.prefab using Guid(4737dd1a09c4e07488306e5079c9f844) Importer(815301076,1909f56bfc062723c751e8b465ee728b)  -> (artifact id: '70b862cee96e536ea572fee88609b770') in 0.004004 seconds 
  Import took 0.014948 seconds .

========================================================================
Received Import Request.
  Time since last request: 0.017686 seconds.
  path: Assets/prefabs/hitEffect.prefab
  artifactKey: Guid(4737dd1a09c4e07488306e5079c9f844) Importer(815301076,1909f56bfc062723c751e8b465ee728b)
Start importing Assets/prefabs/hitEffect.prefab using Guid(4737dd1a09c4e07488306e5079c9f844) Importer(815301076,1909f56bfc062723c751e8b465ee728b)  -> (artifact id: '70b862cee96e536ea572fee88609b770') in 0.003429 seconds 
  Import took 0.007748 seconds .

========================================================================
Received Prepare
Registering precompiled user dll's ...
Registered in 0.003945 seconds.
Begin MonoManager ReloadAssembly
Native extension for WindowsStandalone target not found
Refreshing native plugins compatible for Editor in 0.42 ms, found 3 plugins.
Preloading 0 native plugins for Editor in 0.00 ms.
Mono: successfully reloaded assembly
- Completed reload, in  0.982 seconds
Platform modules already initialized, skipping
Refreshing native plugins compatible for Editor in 0.43 ms, found 3 plugins.
Preloading 0 native plugins for Editor in 0.00 ms.
Unloading 2087 Unused Serialized files (Serialized files now loaded: 0)
System memory in use before: 96.4 MB.
System memory in use after: 96.4 MB.

Unloading 21 unused Assets to reduce memory usage. Loaded Objects now: 2567.
Total: 2.037900 ms (FindLiveObjects: 0.198100 ms CreateObjectMapping: 0.092100 ms MarkObjects: 1.644400 ms  DeleteObjects: 0.102200 ms)

AssetImportParameters requested are different than current active one (requested -> active):
  custom:framework-win-MediaFoundation: 216162199b28c13a410421893ffa2e32 -> 
  custom:video-decoder-ogg-theora: a1e56fd34408186e4bbccfd4996cb3dc -> 
  custom:container-muxer-webm: aa71ff27fc2769a1b78a27578f13a17b -> 
  custom:container-demuxer-webm: 4f35f7cbe854078d1ac9338744f61a02 -> 
  custom:container-demuxer-ogg: 62fdf1f143b41e24485cea50d1cbac27 -> 
  custom:video-encoder-webm-vp8: eb34c28f22e8b96e1ab97ce403110664 -> 
  custom:video-decoder-webm-vp8: 9c59270c3fd7afecdb556c50c9e8de78 -> 
  custom:audio-decoder-ogg-vorbis: bf7c407c2cedff20999df2af8eb42d56 -> 
  custom:audio-encoder-webm-vorbis: bf7c407c2cedff20999df2af8eb42d56 -> 
========================================================================
Received Prepare
Registering precompiled user dll's ...
Registered in 0.003746 seconds.
Begin MonoManager ReloadAssembly
Native extension for WindowsStandalone target not found
Refreshing native plugins compatible for Editor in 0.49 ms, found 3 plugins.
Preloading 0 native plugins for Editor in 0.00 ms.
Mono: successfully reloaded assembly
- Completed reload, in  1.009 seconds
Platform modules already initialized, skipping
Refreshing native plugins compatible for Editor in 0.93 ms, found 3 plugins.
Preloading 0 native plugins for Editor in 0.00 ms.
Unloading 2087 Unused Serialized files (Serialized files now loaded: 0)
System memory in use before: 96.4 MB.
System memory in use after: 96.4 MB.

Unloading 21 unused Assets to reduce memory usage. Loaded Objects now: 2571.
Total: 2.375600 ms (FindLiveObjects: 0.227300 ms CreateObjectMapping: 0.119100 ms MarkObjects: 1.927200 ms  DeleteObjects: 0.100900 ms)

AssetImportParameters requested are different than current active one (requested -> active):
  custom:framework-win-MediaFoundation: 216162199b28c13a410421893ffa2e32 -> 
  custom:video-decoder-ogg-theora: a1e56fd34408186e4bbccfd4996cb3dc -> 
  custom:container-muxer-webm: aa71ff27fc2769a1b78a27578f13a17b -> 
  custom:container-demuxer-webm: 4f35f7cbe854078d1ac9338744f61a02 -> 
  custom:container-demuxer-ogg: 62fdf1f143b41e24485cea50d1cbac27 -> 
  custom:video-encoder-webm-vp8: eb34c28f22e8b96e1ab97ce403110664 -> 
  custom:video-decoder-webm-vp8: 9c59270c3fd7afecdb556c50c9e8de78 -> 
  custom:audio-decoder-ogg-vorbis: bf7c407c2cedff20999df2af8eb42d56 -> 
  custom:audio-encoder-webm-vorbis: bf7c407c2cedff20999df2af8eb42d56 -> 
========================================================================
Received Prepare
Registering precompiled user dll's ...
Registered in 0.006320 seconds.
Begin MonoManager ReloadAssembly
Native extension for WindowsStandalone target not found
Refreshing native plugins compatible for Editor in 1.01 ms, found 3 plugins.
Preloading 0 native plugins for Editor in 0.00 ms.
Mono: successfully reloaded assembly
- Completed reload, in  0.942 seconds
Platform modules already initialized, skipping
Refreshing native plugins compatible for Editor in 0.44 ms, found 3 plugins.
Preloading 0 native plugins for Editor in 0.00 ms.
Unloading 2087 Unused Serialized files (Serialized files now loaded: 0)
System memory in use before: 96.4 MB.
System memory in use after: 96.4 MB.

Unloading 21 unused Assets to reduce memory usage. Loaded Objects now: 2575.
Total: 2.048700 ms (FindLiveObjects: 0.208900 ms CreateObjectMapping: 0.082600 ms MarkObjects: 1.650100 ms  DeleteObjects: 0.106100 ms)

AssetImportParameters requested are different than current active one (requested -> active):
  custom:framework-win-MediaFoundation: 216162199b28c13a410421893ffa2e32 -> 
  custom:video-decoder-ogg-theora: a1e56fd34408186e4bbccfd4996cb3dc -> 
  custom:container-muxer-webm: aa71ff27fc2769a1b78a27578f13a17b -> 
  custom:container-demuxer-webm: 4f35f7cbe854078d1ac9338744f61a02 -> 
  custom:container-demuxer-ogg: 62fdf1f143b41e24485cea50d1cbac27 -> 
  custom:video-encoder-webm-vp8: eb34c28f22e8b96e1ab97ce403110664 -> 
  custom:video-decoder-webm-vp8: 9c59270c3fd7afecdb556c50c9e8de78 -> 
  custom:audio-decoder-ogg-vorbis: bf7c407c2cedff20999df2af8eb42d56 -> 
  custom:audio-encoder-webm-vorbis: bf7c407c2cedff20999df2af8eb42d56 -> 
========================================================================
Received Import Request.
  Time since last request: 350.847300 seconds.
  path: Assets/prefabs/Character.prefab
  artifactKey: Guid(ab361a3f67bc8284183533c41cf1b4f6) Importer(815301076,1909f56bfc062723c751e8b465ee728b)
Start importing Assets/prefabs/Character.prefab using Guid(ab361a3f67bc8284183533c41cf1b4f6) Importer(815301076,1909f56bfc062723c751e8b465ee728b)  -> (artifact id: '69e5869747103dfe85e22af9965425ca') in 0.129974 seconds 
  Import took 0.133786 seconds .

========================================================================
Received Import Request.
  Time since last request: 7.331033 seconds.
  path: Assets/animation/spritesheets/attacks/katana
  artifactKey: Guid(576edcb0c3624cf43ad79a1e1f0613ca) Importer(815301076,1909f56bfc062723c751e8b465ee728b)
Start importing Assets/animation/spritesheets/attacks/katana using Guid(576edcb0c3624cf43ad79a1e1f0613ca) Importer(815301076,1909f56bfc062723c751e8b465ee728b)  -> (artifact id: 'e3c4fba0379534294ef08156974c7362') in 0.006823 seconds 
  Import took 0.010947 seconds .

========================================================================
Received Import Request.
  Time since last request: 10.083473 seconds.
  path: Assets/animation/spritesheets/attacks/shuriken
  artifactKey: Guid(4e3e6f8c8ce8368479e2b12f9bd0c73e) Importer(815301076,1909f56bfc062723c751e8b465ee728b)
Start importing Assets/animation/spritesheets/attacks/shuriken using Guid(4e3e6f8c8ce8368479e2b12f9bd0c73e) Importer(815301076,1909f56bfc062723c751e8b465ee728b)  -> (artifact id: 'eaeaf418c3c85592babb36db61a7b748') in 0.006975 seconds 
  Import took 0.010592 seconds .

========================================================================
Received Import Request.
  Time since last request: 22.357618 seconds.
  path: Assets/animation/spritesheets/attacks/shuriken/1812_Res_CLASS_IMAGE_SHURIKEN.png
  artifactKey: Guid(ab17861857087654d90566b7d79f94ee) Importer(815301076,1909f56bfc062723c751e8b465ee728b)
Start importing Assets/animation/spritesheets/attacks/shuriken/1812_Res_CLASS_IMAGE_SHURIKEN.png using Guid(ab17861857087654d90566b7d79f94ee) Importer(815301076,1909f56bfc062723c751e8b465ee728b)  -> (artifact id: 'f66a357c4397dd85ec2d466e08eed9af') in 0.034010 seconds 
  Import took 0.038479 seconds .

========================================================================
Received Prepare
Registering precompiled user dll's ...
Registered in 0.008459 seconds.
Begin MonoManager ReloadAssembly
Native extension for WindowsStandalone target not found
Refreshing native plugins compatible for Editor in 0.72 ms, found 3 plugins.
Preloading 0 native plugins for Editor in 0.00 ms.
Mono: successfully reloaded assembly
- Completed reload, in  1.169 seconds
Platform modules already initialized, skipping
Refreshing native plugins compatible for Editor in 0.46 ms, found 3 plugins.
Preloading 0 native plugins for Editor in 0.00 ms.
Unloading 2087 Unused Serialized files (Serialized files now loaded: 0)
System memory in use before: 96.5 MB.
System memory in use after: 96.5 MB.

Unloading 21 unused Assets to reduce memory usage. Loaded Objects now: 2586.
Total: 2.888400 ms (FindLiveObjects: 0.188700 ms CreateObjectMapping: 0.222200 ms MarkObjects: 2.363000 ms  DeleteObjects: 0.113000 ms)

AssetImportParameters requested are different than current active one (requested -> active):
  custom:framework-win-MediaFoundation: 216162199b28c13a410421893ffa2e32 -> 
  custom:video-decoder-ogg-theora: a1e56fd34408186e4bbccfd4996cb3dc -> 
  custom:container-muxer-webm: aa71ff27fc2769a1b78a27578f13a17b -> 
  custom:container-demuxer-webm: 4f35f7cbe854078d1ac9338744f61a02 -> 
  custom:container-demuxer-ogg: 62fdf1f143b41e24485cea50d1cbac27 -> 
  custom:video-encoder-webm-vp8: eb34c28f22e8b96e1ab97ce403110664 -> 
  custom:video-decoder-webm-vp8: 9c59270c3fd7afecdb556c50c9e8de78 -> 
  custom:audio-decoder-ogg-vorbis: bf7c407c2cedff20999df2af8eb42d56 -> 
  custom:audio-encoder-webm-vorbis: bf7c407c2cedff20999df2af8eb42d56 -> 
========================================================================
Received Prepare
Registering precompiled user dll's ...
Registered in 0.003591 seconds.
Begin MonoManager ReloadAssembly
Native extension for WindowsStandalone target not found
Refreshing native plugins compatible for Editor in 0.41 ms, found 3 plugins.
Preloading 0 native plugins for Editor in 0.00 ms.
Mono: successfully reloaded assembly
- Completed reload, in  0.979 seconds
Platform modules already initialized, skipping
Refreshing native plugins compatible for Editor in 0.41 ms, found 3 plugins.
Preloading 0 native plugins for Editor in 0.00 ms.
Unloading 2087 Unused Serialized files (Serialized files now loaded: 0)
System memory in use before: 96.5 MB.
System memory in use after: 96.5 MB.

Unloading 21 unused Assets to reduce memory usage. Loaded Objects now: 2590.
Total: 2.026800 ms (FindLiveObjects: 0.196700 ms CreateObjectMapping: 0.078300 ms MarkObjects: 1.657400 ms  DeleteObjects: 0.093200 ms)

AssetImportParameters requested are different than current active one (requested -> active):
  custom:framework-win-MediaFoundation: 216162199b28c13a410421893ffa2e32 -> 
  custom:video-decoder-ogg-theora: a1e56fd34408186e4bbccfd4996cb3dc -> 
  custom:container-muxer-webm: aa71ff27fc2769a1b78a27578f13a17b -> 
  custom:container-demuxer-webm: 4f35f7cbe854078d1ac9338744f61a02 -> 
  custom:container-demuxer-ogg: 62fdf1f143b41e24485cea50d1cbac27 -> 
  custom:video-encoder-webm-vp8: eb34c28f22e8b96e1ab97ce403110664 -> 
  custom:video-decoder-webm-vp8: 9c59270c3fd7afecdb556c50c9e8de78 -> 
  custom:audio-decoder-ogg-vorbis: bf7c407c2cedff20999df2af8eb42d56 -> 
  custom:audio-encoder-webm-vorbis: bf7c407c2cedff20999df2af8eb42d56 -> 
========================================================================
Received Prepare
Registering precompiled user dll's ...
Registered in 0.011675 seconds.
Begin MonoManager ReloadAssembly
Native extension for WindowsStandalone target not found
Refreshing native plugins compatible for Editor in 0.81 ms, found 3 plugins.
Preloading 0 native plugins for Editor in 0.00 ms.
Mono: successfully reloaded assembly
- Completed reload, in  1.569 seconds
Platform modules already initialized, skipping
Refreshing native plugins compatible for Editor in 0.99 ms, found 3 plugins.
Preloading 0 native plugins for Editor in 0.00 ms.
Unloading 2087 Unused Serialized files (Serialized files now loaded: 0)
System memory in use before: 96.5 MB.
System memory in use after: 96.5 MB.

Unloading 21 unused Assets to reduce memory usage. Loaded Objects now: 2594.
Total: 5.103700 ms (FindLiveObjects: 0.258600 ms CreateObjectMapping: 0.130200 ms MarkObjects: 4.566100 ms  DeleteObjects: 0.147200 ms)

AssetImportParameters requested are different than current active one (requested -> active):
  custom:framework-win-MediaFoundation: 216162199b28c13a410421893ffa2e32 -> 
  custom:video-decoder-ogg-theora: a1e56fd34408186e4bbccfd4996cb3dc -> 
  custom:container-muxer-webm: aa71ff27fc2769a1b78a27578f13a17b -> 
  custom:container-demuxer-webm: 4f35f7cbe854078d1ac9338744f61a02 -> 
  custom:container-demuxer-ogg: 62fdf1f143b41e24485cea50d1cbac27 -> 
  custom:video-encoder-webm-vp8: eb34c28f22e8b96e1ab97ce403110664 -> 
  custom:video-decoder-webm-vp8: 9c59270c3fd7afecdb556c50c9e8de78 -> 
  custom:audio-decoder-ogg-vorbis: bf7c407c2cedff20999df2af8eb42d56 -> 
  custom:audio-encoder-webm-vorbis: bf7c407c2cedff20999df2af8eb42d56 -> 
========================================================================
Received Prepare
Registering precompiled user dll's ...
Registered in 0.003582 seconds.
Begin MonoManager ReloadAssembly
Native extension for WindowsStandalone target not found
Refreshing native plugins compatible for Editor in 0.50 ms, found 3 plugins.
Preloading 0 native plugins for Editor in 0.00 ms.
Mono: successfully reloaded assembly
- Completed reload, in  0.984 seconds
Platform modules already initialized, skipping
Refreshing native plugins compatible for Editor in 0.59 ms, found 3 plugins.
Preloading 0 native plugins for Editor in 0.00 ms.
Unloading 2087 Unused Serialized files (Serialized files now loaded: 0)
System memory in use before: 96.5 MB.
System memory in use after: 96.5 MB.

Unloading 21 unused Assets to reduce memory usage. Loaded Objects now: 2598.
Total: 2.045200 ms (FindLiveObjects: 0.215400 ms CreateObjectMapping: 0.110100 ms MarkObjects: 1.592400 ms  DeleteObjects: 0.126300 ms)

AssetImportParameters requested are different than current active one (requested -> active):
  custom:framework-win-MediaFoundation: 216162199b28c13a410421893ffa2e32 -> 
  custom:video-decoder-ogg-theora: a1e56fd34408186e4bbccfd4996cb3dc -> 
  custom:container-muxer-webm: aa71ff27fc2769a1b78a27578f13a17b -> 
  custom:container-demuxer-webm: 4f35f7cbe854078d1ac9338744f61a02 -> 
  custom:container-demuxer-ogg: 62fdf1f143b41e24485cea50d1cbac27 -> 
  custom:video-encoder-webm-vp8: eb34c28f22e8b96e1ab97ce403110664 -> 
  custom:video-decoder-webm-vp8: 9c59270c3fd7afecdb556c50c9e8de78 -> 
  custom:audio-decoder-ogg-vorbis: bf7c407c2cedff20999df2af8eb42d56 -> 
  custom:audio-encoder-webm-vorbis: bf7c407c2cedff20999df2af8eb42d56 -> 
========================================================================
Received Prepare
Registering precompiled user dll's ...
Registered in 0.004130 seconds.
Begin MonoManager ReloadAssembly
Native extension for WindowsStandalone target not found
Refreshing native plugins compatible for Editor in 0.64 ms, found 3 plugins.
Preloading 0 native plugins for Editor in 0.00 ms.
Mono: successfully reloaded assembly
- Completed reload, in  1.221 seconds
Platform modules already initialized, skipping
Refreshing native plugins compatible for Editor in 0.42 ms, found 3 plugins.
Preloading 0 native plugins for Editor in 0.00 ms.
Unloading 2087 Unused Serialized files (Serialized files now loaded: 0)
System memory in use before: 96.5 MB.
System memory in use after: 96.5 MB.

Unloading 21 unused Assets to reduce memory usage. Loaded Objects now: 2602.
Total: 2.457900 ms (FindLiveObjects: 0.257700 ms CreateObjectMapping: 0.086900 ms MarkObjects: 2.005700 ms  DeleteObjects: 0.106400 ms)

AssetImportParameters requested are different than current active one (requested -> active):
  custom:framework-win-MediaFoundation: 216162199b28c13a410421893ffa2e32 -> 
  custom:video-decoder-ogg-theora: a1e56fd34408186e4bbccfd4996cb3dc -> 
  custom:container-muxer-webm: aa71ff27fc2769a1b78a27578f13a17b -> 
  custom:container-demuxer-webm: 4f35f7cbe854078d1ac9338744f61a02 -> 
  custom:container-demuxer-ogg: 62fdf1f143b41e24485cea50d1cbac27 -> 
  custom:video-encoder-webm-vp8: eb34c28f22e8b96e1ab97ce403110664 -> 
  custom:video-decoder-webm-vp8: 9c59270c3fd7afecdb556c50c9e8de78 -> 
  custom:audio-decoder-ogg-vorbis: bf7c407c2cedff20999df2af8eb42d56 -> 
  custom:audio-encoder-webm-vorbis: bf7c407c2cedff20999df2af8eb42d56 -> 
========================================================================
Received Prepare
Registering precompiled user dll's ...
Registered in 0.004551 seconds.
Begin MonoManager ReloadAssembly
Native extension for WindowsStandalone target not found
Refreshing native plugins compatible for Editor in 0.44 ms, found 3 plugins.
Preloading 0 native plugins for Editor in 0.00 ms.
Mono: successfully reloaded assembly
- Completed reload, in  0.988 seconds
Platform modules already initialized, skipping
Refreshing native plugins compatible for Editor in 0.49 ms, found 3 plugins.
Preloading 0 native plugins for Editor in 0.00 ms.
Unloading 2087 Unused Serialized files (Serialized files now loaded: 0)
System memory in use before: 96.5 MB.
System memory in use after: 96.5 MB.

Unloading 21 unused Assets to reduce memory usage. Loaded Objects now: 2606.
Total: 2.717200 ms (FindLiveObjects: 0.239000 ms CreateObjectMapping: 0.102500 ms MarkObjects: 2.263200 ms  DeleteObjects: 0.111300 ms)

AssetImportParameters requested are different than current active one (requested -> active):
  custom:framework-win-MediaFoundation: 216162199b28c13a410421893ffa2e32 -> 
  custom:video-decoder-ogg-theora: a1e56fd34408186e4bbccfd4996cb3dc -> 
  custom:container-muxer-webm: aa71ff27fc2769a1b78a27578f13a17b -> 
  custom:container-demuxer-webm: 4f35f7cbe854078d1ac9338744f61a02 -> 
  custom:container-demuxer-ogg: 62fdf1f143b41e24485cea50d1cbac27 -> 
  custom:video-encoder-webm-vp8: eb34c28f22e8b96e1ab97ce403110664 -> 
  custom:video-decoder-webm-vp8: 9c59270c3fd7afecdb556c50c9e8de78 -> 
  custom:audio-decoder-ogg-vorbis: bf7c407c2cedff20999df2af8eb42d56 -> 
  custom:audio-encoder-webm-vorbis: bf7c407c2cedff20999df2af8eb42d56 -> 
========================================================================
Received Import Request.
  Time since last request: 892.543847 seconds.
  path: Assets/prefabs/Character.prefab
  artifactKey: Guid(ab361a3f67bc8284183533c41cf1b4f6) Importer(815301076,1909f56bfc062723c751e8b465ee728b)
Start importing Assets/prefabs/Character.prefab using Guid(ab361a3f67bc8284183533c41cf1b4f6) Importer(815301076,1909f56bfc062723c751e8b465ee728b)  -> (artifact id: '694338986039803629170230d2d8d856') in 0.113503 seconds 
  Import took 0.119089 seconds .

========================================================================
Received Import Request.
  Time since last request: 103.176737 seconds.
  path: Assets/scripts/capabilities/Dash.cs
  artifactKey: Guid(9e96291e97c25df4d9e716d59eb4a88a) Importer(815301076,1909f56bfc062723c751e8b465ee728b)
Start importing Assets/scripts/capabilities/Dash.cs using Guid(9e96291e97c25df4d9e716d59eb4a88a) Importer(815301076,1909f56bfc062723c751e8b465ee728b)  -> (artifact id: 'bafa6991c96fd26e8d3d5bc78016e01c') in 0.014023 seconds 
  Import took 0.017752 seconds .

========================================================================
Received Prepare
Registering precompiled user dll's ...
Registered in 0.003092 seconds.
Begin MonoManager ReloadAssembly
Native extension for WindowsStandalone target not found
Refreshing native plugins compatible for Editor in 0.41 ms, found 3 plugins.
Preloading 0 native plugins for Editor in 0.00 ms.
Mono: successfully reloaded assembly
- Completed reload, in  1.339 seconds
Platform modules already initialized, skipping
Refreshing native plugins compatible for Editor in 0.47 ms, found 3 plugins.
Preloading 0 native plugins for Editor in 0.00 ms.
Unloading 2088 Unused Serialized files (Serialized files now loaded: 0)
System memory in use before: 96.6 MB.
System memory in use after: 96.6 MB.

Unloading 21 unused Assets to reduce memory usage. Loaded Objects now: 2612.
Total: 3.485800 ms (FindLiveObjects: 0.450100 ms CreateObjectMapping: 0.252700 ms MarkObjects: 2.645700 ms  DeleteObjects: 0.135200 ms)

AssetImportParameters requested are different than current active one (requested -> active):
  custom:framework-win-MediaFoundation: 216162199b28c13a410421893ffa2e32 -> 
  custom:video-decoder-ogg-theora: a1e56fd34408186e4bbccfd4996cb3dc -> 
  custom:container-muxer-webm: aa71ff27fc2769a1b78a27578f13a17b -> 
  custom:container-demuxer-webm: 4f35f7cbe854078d1ac9338744f61a02 -> 
  custom:container-demuxer-ogg: 62fdf1f143b41e24485cea50d1cbac27 -> 
  custom:video-encoder-webm-vp8: eb34c28f22e8b96e1ab97ce403110664 -> 
  custom:video-decoder-webm-vp8: 9c59270c3fd7afecdb556c50c9e8de78 -> 
  custom:audio-decoder-ogg-vorbis: bf7c407c2cedff20999df2af8eb42d56 -> 
  custom:audio-encoder-webm-vorbis: bf7c407c2cedff20999df2af8eb42d56 -> 
========================================================================
Received Prepare
Registering precompiled user dll's ...
Registered in 0.003868 seconds.
Begin MonoManager ReloadAssembly
Native extension for WindowsStandalone target not found
Refreshing native plugins compatible for Editor in 0.62 ms, found 3 plugins.
Preloading 0 native plugins for Editor in 0.00 ms.
Mono: successfully reloaded assembly
- Completed reload, in  1.472 seconds
Platform modules already initialized, skipping
Refreshing native plugins compatible for Editor in 0.49 ms, found 3 plugins.
Preloading 0 native plugins for Editor in 0.00 ms.
Unloading 2088 Unused Serialized files (Serialized files now loaded: 0)
System memory in use before: 96.6 MB.
System memory in use after: 96.6 MB.

Unloading 21 unused Assets to reduce memory usage. Loaded Objects now: 2616.
Total: 2.611300 ms (FindLiveObjects: 0.278400 ms CreateObjectMapping: 0.130500 ms MarkObjects: 2.088200 ms  DeleteObjects: 0.112800 ms)

AssetImportParameters requested are different than current active one (requested -> active):
  custom:framework-win-MediaFoundation: 216162199b28c13a410421893ffa2e32 -> 
  custom:video-decoder-ogg-theora: a1e56fd34408186e4bbccfd4996cb3dc -> 
  custom:container-muxer-webm: aa71ff27fc2769a1b78a27578f13a17b -> 
  custom:container-demuxer-webm: 4f35f7cbe854078d1ac9338744f61a02 -> 
  custom:container-demuxer-ogg: 62fdf1f143b41e24485cea50d1cbac27 -> 
  custom:video-encoder-webm-vp8: eb34c28f22e8b96e1ab97ce403110664 -> 
  custom:video-decoder-webm-vp8: 9c59270c3fd7afecdb556c50c9e8de78 -> 
  custom:audio-decoder-ogg-vorbis: bf7c407c2cedff20999df2af8eb42d56 -> 
  custom:audio-encoder-webm-vorbis: bf7c407c2cedff20999df2af8eb42d56 -> 
========================================================================
Received Import Request.
  Time since last request: 181.536787 seconds.
  path: Assets/scripts/capabilities/Dash.cs
  artifactKey: Guid(9e96291e97c25df4d9e716d59eb4a88a) Importer(815301076,1909f56bfc062723c751e8b465ee728b)
Start importing Assets/scripts/capabilities/Dash.cs using Guid(9e96291e97c25df4d9e716d59eb4a88a) Importer(815301076,1909f56bfc062723c751e8b465ee728b)  -> (artifact id: '3a6ddcfe22a7315ed0db8eaa771e276a') in 0.006166 seconds 
  Import took 0.009590 seconds .

========================================================================
Received Prepare
Registering precompiled user dll's ...
Registered in 0.007753 seconds.
Begin MonoManager ReloadAssembly
Native extension for WindowsStandalone target not found
Refreshing native plugins compatible for Editor in 0.43 ms, found 3 plugins.
Preloading 0 native plugins for Editor in 0.00 ms.
Mono: successfully reloaded assembly
- Completed reload, in  0.959 seconds
Platform modules already initialized, skipping
Refreshing native plugins compatible for Editor in 0.48 ms, found 3 plugins.
Preloading 0 native plugins for Editor in 0.00 ms.
Unloading 2088 Unused Serialized files (Serialized files now loaded: 0)
System memory in use before: 96.6 MB.
System memory in use after: 96.6 MB.

Unloading 21 unused Assets to reduce memory usage. Loaded Objects now: 2620.
Total: 2.163000 ms (FindLiveObjects: 0.211900 ms CreateObjectMapping: 0.106000 ms MarkObjects: 1.697700 ms  DeleteObjects: 0.146400 ms)

AssetImportParameters requested are different than current active one (requested -> active):
  custom:framework-win-MediaFoundation: 216162199b28c13a410421893ffa2e32 -> 
  custom:video-decoder-ogg-theora: a1e56fd34408186e4bbccfd4996cb3dc -> 
  custom:container-muxer-webm: aa71ff27fc2769a1b78a27578f13a17b -> 
  custom:container-demuxer-webm: 4f35f7cbe854078d1ac9338744f61a02 -> 
  custom:container-demuxer-ogg: 62fdf1f143b41e24485cea50d1cbac27 -> 
  custom:video-encoder-webm-vp8: eb34c28f22e8b96e1ab97ce403110664 -> 
  custom:video-decoder-webm-vp8: 9c59270c3fd7afecdb556c50c9e8de78 -> 
  custom:audio-decoder-ogg-vorbis: bf7c407c2cedff20999df2af8eb42d56 -> 
  custom:audio-encoder-webm-vorbis: bf7c407c2cedff20999df2af8eb42d56 -> 
========================================================================
Received Prepare
Registering precompiled user dll's ...
Registered in 0.003217 seconds.
Begin MonoManager ReloadAssembly
Native extension for WindowsStandalone target not found
Refreshing native plugins compatible for Editor in 0.49 ms, found 3 plugins.
Preloading 0 native plugins for Editor in 0.00 ms.
Mono: successfully reloaded assembly
- Completed reload, in  0.982 seconds
Platform modules already initialized, skipping
Refreshing native plugins compatible for Editor in 0.41 ms, found 3 plugins.
Preloading 0 native plugins for Editor in 0.00 ms.
Unloading 2088 Unused Serialized files (Serialized files now loaded: 0)
System memory in use before: 96.6 MB.
System memory in use after: 96.6 MB.

Unloading 21 unused Assets to reduce memory usage. Loaded Objects now: 2624.
Total: 2.252200 ms (FindLiveObjects: 0.201500 ms CreateObjectMapping: 0.075500 ms MarkObjects: 1.873100 ms  DeleteObjects: 0.100800 ms)

AssetImportParameters requested are different than current active one (requested -> active):
  custom:framework-win-MediaFoundation: 216162199b28c13a410421893ffa2e32 -> 
  custom:video-decoder-ogg-theora: a1e56fd34408186e4bbccfd4996cb3dc -> 
  custom:container-muxer-webm: aa71ff27fc2769a1b78a27578f13a17b -> 
  custom:container-demuxer-webm: 4f35f7cbe854078d1ac9338744f61a02 -> 
  custom:container-demuxer-ogg: 62fdf1f143b41e24485cea50d1cbac27 -> 
  custom:video-encoder-webm-vp8: eb34c28f22e8b96e1ab97ce403110664 -> 
  custom:video-decoder-webm-vp8: 9c59270c3fd7afecdb556c50c9e8de78 -> 
  custom:audio-decoder-ogg-vorbis: bf7c407c2cedff20999df2af8eb42d56 -> 
  custom:audio-encoder-webm-vorbis: bf7c407c2cedff20999df2af8eb42d56 -> 
AssetImportWorkerClient::OnTransportError - code=2 error=End of file
